<?xml version="1.0" encoding="UTF-8"?>
<!-- Generated by org.testng.reporters.JUnitXMLReporter -->
<testsuite ignored="2" hostname="LTIN518392" failures="0" tests="10" name="ChromeTest" time="15.091" errors="0" timestamp="2024-03-28T12:26:31 IST">
  <testcase classname="testBase.BaseClass" name="@BeforeTest driverSetup" time="15.023">
    <failure type="org.openqa.selenium.TimeoutException" message="timeout: Timed out receiving message from renderer: -0.010
  (Session info: chrome=120.0.6099.130)
Build info: version: &amp;apos;4.18.1&amp;apos;, revision: &amp;apos;b1d3319b48&amp;apos;
System info: os.name: &amp;apos;Windows 11&amp;apos;, os.arch: &amp;apos;amd64&amp;apos;, os.version: &amp;apos;10.0&amp;apos;, java.version: &amp;apos;17.0.2&amp;apos;
Driver info: org.openqa.selenium.chrome.ChromeDriver
Command: [ccdab14f7676dd88656f4f55f9a65682, get {url=https://be.cognizant.com/}]
Capabilities {acceptInsecureCerts: false, browserName: chrome, browserVersion: 120.0.6099.130, chrome: {chromedriverVersion: 120.0.6099.109 (3419140ab66..., userDataDir: C:\windows\SystemTemp\scope...}, fedcm:accounts: true, goog:chromeOptions: {debuggerAddress: localhost:58333}, networkConnectionEnabled: false, pageLoadStrategy: normal, platformName: windows, proxy: Proxy(), se:cdp: ws://localhost:58333/devtoo..., se:cdpVersion: 120.0.6099.130, setWindowRect: true, strictFileInteractability: false, timeouts: {implicit: 0, pageLoad: 300000, script: 30000}, unhandledPromptBehavior: dismiss and notify, webauthn:extension:credBlob: true, webauthn:extension:largeBlob: true, webauthn:extension:minPinLength: true, webauthn:extension:prf: true, webauthn:virtualAuthenticators: true}
Session ID: ccdab14f7676dd88656f4f55f9a65682">
      <![CDATA[org.openqa.selenium.TimeoutException: timeout: Timed out receiving message from renderer: -0.010
  (Session info: chrome=120.0.6099.130)
Build info: version: '4.18.1', revision: 'b1d3319b48'
System info: os.name: 'Windows 11', os.arch: 'amd64', os.version: '10.0', java.version: '17.0.2'
Driver info: org.openqa.selenium.chrome.ChromeDriver
Command: [ccdab14f7676dd88656f4f55f9a65682, get {url=https://be.cognizant.com/}]
Capabilities {acceptInsecureCerts: false, browserName: chrome, browserVersion: 120.0.6099.130, chrome: {chromedriverVersion: 120.0.6099.109 (3419140ab66..., userDataDir: C:\windows\SystemTemp\scope...}, fedcm:accounts: true, goog:chromeOptions: {debuggerAddress: localhost:58333}, networkConnectionEnabled: false, pageLoadStrategy: normal, platformName: windows, proxy: Proxy(), se:cdp: ws://localhost:58333/devtoo..., se:cdpVersion: 120.0.6099.130, setWindowRect: true, strictFileInteractability: false, timeouts: {implicit: 0, pageLoad: 300000, script: 30000}, unhandledPromptBehavior: dismiss and notify, webauthn:extension:credBlob: true, webauthn:extension:largeBlob: true, webauthn:extension:minPinLength: true, webauthn:extension:prf: true, webauthn:virtualAuthenticators: true}
Session ID: ccdab14f7676dd88656f4f55f9a65682
at org.openqa.selenium.remote.ErrorCodec.decode(ErrorCodec.java:167)
at org.openqa.selenium.remote.codec.w3c.W3CHttpResponseCodec.decode(W3CHttpResponseCodec.java:138)
at org.openqa.selenium.remote.codec.w3c.W3CHttpResponseCodec.decode(W3CHttpResponseCodec.java:50)
at org.openqa.selenium.remote.HttpCommandExecutor.execute(HttpCommandExecutor.java:190)
at org.openqa.selenium.remote.service.DriverCommandExecutor.invokeExecute(DriverCommandExecutor.java:216)
at org.openqa.selenium.remote.service.DriverCommandExecutor.execute(DriverCommandExecutor.java:174)
at org.openqa.selenium.remote.RemoteWebDriver.execute(RemoteWebDriver.java:519)
at org.openqa.selenium.remote.RemoteWebDriver.get(RemoteWebDriver.java:301)
at testBase.BaseClass.driverSetup(BaseClass.java:37)
... Removed 29 stack frames]]>
    </failure>
  </testcase> <!-- @BeforeTest driverSetup -->
  <testcase classname="testBase.BaseClass" name="@AfterTest tearDown" time="0.0">
    <skipped/>
  </testcase> <!-- @AfterTest tearDown -->
  <testcase classname="testCases.TC_001_validateUserInformation" name="the_user_navigated_to_the_cognizant_page" time="0.0">
    <skipped/>
  </testcase> <!-- the_user_navigated_to_the_cognizant_page -->
  <testcase classname="testCases.TC_001_validateUserInformation" name="the_user_close_on_user_icon" time="0.0">
    <skipped/>
  </testcase> <!-- the_user_close_on_user_icon -->
  <testcase classname="testCases.TC_001_validateUserInformation" name="the_user_clicks_on_user_icon" time="0.0">
    <skipped/>
  </testcase> <!-- the_user_clicks_on_user_icon -->
  <testcase classname="testCases.TC_001_validateUserInformation" name="user_can_validate_the_mail_contains_cognizant_com" time="0.0">
    <skipped/>
  </testcase> <!-- user_can_validate_the_mail_contains_cognizant_com -->
  <testcase classname="testCases.TC_002_validate_Headers_and_SubHeaders" name="clickCompany" time="0.0">
    <skipped/>
  </testcase> <!-- clickCompany -->
  <testcase classname="testCases.TC_002_validate_Headers_and_SubHeaders" name="clickServicesLines" time="0.0">
    <skipped/>
  </testcase> <!-- clickServicesLines -->
  <testcase classname="testCases.TC_002_validate_Headers_and_SubHeaders" name="clickSalesResources" time="0.0">
    <skipped/>
  </testcase> <!-- clickSalesResources -->
  <testcase classname="testCases.TC_002_validate_Headers_and_SubHeaders" name="clickMarketsandCountries" time="0.0">
    <skipped/>
  </testcase> <!-- clickMarketsandCountries -->
  <testcase classname="testCases.TC_002_validate_Headers_and_SubHeaders" name="clickCorporatefunction" time="0.0">
    <skipped/>
  </testcase> <!-- clickCorporatefunction -->
  <testcase classname="testCases.TC_002_validate_Headers_and_SubHeaders" name="clickPeople" time="0.0">
    <skipped/>
  </testcase> <!-- clickPeople -->
  <testcase classname="testBase.BaseClass" name="@AfterTest tearDown" time="0.0">
    <ignored/>
  </testcase> <!-- @AfterTest tearDown -->
  <testcase classname="testBase.BaseClass" name="@BeforeTest driverSetup" time="0.0">
    <ignored/>
  </testcase> <!-- @BeforeTest driverSetup -->
</testsuite> <!-- ChromeTest -->
