<!DOCTYPE html PUBLIC "-//W3C//DTD XHTML 1.1//EN" "https://www.w3.org/TR/xhtml11/DTD/xhtml11.dtd">
<html xmlns="https://www.w3.org/1999/xhtml">
<head>
<meta http-equiv="content-type" content="text/html; charset=UTF-8"/>
<title>TestNG Report</title>
<style type="text/css">table {margin-bottom:10px;border-collapse:collapse;empty-cells:show}th,td {border:1px solid #009;padding:.25em .5em}th {vertical-align:bottom}td {vertical-align:top}table a {font-weight:bold}.stripe td {background-color: #E6EBF9}.num {text-align:right}.passedodd td {background-color: #3F3}.passedeven td {background-color: #0A0}.skippedodd td {background-color: #DDD}.skippedeven td {background-color: #CCC}.failedodd td,.attn {background-color: #F33}.failedeven td,.stripe .attn {background-color: #D00}.stacktrace {white-space:pre;font-family:monospace}.totop {font-size:85%;text-align:center;border-bottom:2px solid #000}.invisible {display:none}</style>
</head>
<body>
<table>
<tr><th>Test</th><th># Passed</th><th># Skipped</th><th># Retried</th><th># Failed</th><th>Time (ms)</th><th>Included Groups</th><th>Excluded Groups</th></tr>
<tr><th colspan="8">Suite</th></tr>
<tr><td><a href="#t0">EdgeTest</a></td><td class="num">0</td><td class="num attn">11</td><td class="num">0</td><td class="num">0</td><td class="num">7,896</td><td></td><td></td></tr>
<tr class="stripe"><td><a href="#t1">ChromeTest</a></td><td class="num">0</td><td class="num attn">11</td><td class="num">0</td><td class="num">0</td><td class="num">4,741</td><td></td><td></td></tr>
<tr><th>Total</th><th class="num">0</th><th class="num attn">22</th><th class="num">0</th><th class="num">0</th><th class="num">12,637</th><th colspan="2"></th></tr>
</table>
<table id='summary'><thead><tr><th>Class</th><th>Method</th><th>Start</th><th>Time (ms)</th></tr></thead><tbody><tr><th colspan="4">Suite</th></tr></tbody><tbody id="t0"><tr><th colspan="4">EdgeTest &#8212; failed (configuration methods)</th></tr><tr class="failedeven"><td rowspan="1">testCases.TC_004_validate_ResourceLinks</td><td><a href="#m0">driverSetup</a></td><td rowspan="1">1711626644665</td><td rowspan="1">7365</td></tr><tr><th colspan="4">EdgeTest &#8212; skipped (configuration methods)</th></tr><tr class="skippedeven"><td rowspan="1">testCases.TC_004_validate_ResourceLinks</td><td><a href="#m1">tearDown</a></td><td rowspan="1">1711626652117</td><td rowspan="1">0</td></tr><tr><th colspan="4">EdgeTest &#8212; skipped</th></tr><tr class="skippedeven"><td rowspan="11">testCases.TC_004_validate_ResourceLinks</td><td><a href="#m2">navigateEthics</a></td><td rowspan="1">1711626652077</td><td rowspan="1">0</td></tr><tr class="skippedeven"><td><a href="#m3">validateCodeofEthics</a></td><td rowspan="1">1711626652097</td><td rowspan="1">0</td></tr><tr class="skippedeven"><td><a href="#m4">validateEthicsandComplianceAmbassadors</a></td><td rowspan="1">1711626652103</td><td rowspan="1">0</td></tr><tr class="skippedeven"><td><a href="#m5">validateEthicsandCompliancePolicies</a></td><td rowspan="1">1711626652101</td><td rowspan="1">0</td></tr><tr class="skippedeven"><td><a href="#m6">validateEthicsandCompliancePresentation</a></td><td rowspan="1">1711626652107</td><td rowspan="1">1</td></tr><tr class="skippedeven"><td><a href="#m7">validateEthicsandComplianceProgramOverview</a></td><td rowspan="1">1711626652105</td><td rowspan="1">0</td></tr><tr class="skippedeven"><td><a href="#m8">validateGlobalCorporatePolicies</a></td><td rowspan="1">1711626652099</td><td rowspan="1">0</td></tr><tr class="skippedeven"><td><a href="#m9">validateGlobalPrivacy</a></td><td rowspan="1">1711626652110</td><td rowspan="1">0</td></tr><tr class="skippedeven"><td><a href="#m10">validateHelpline</a></td><td rowspan="1">1711626652092</td><td rowspan="1">0</td></tr><tr class="skippedeven"><td><a href="#m11">validateRegulatoryandBUCompilance</a></td><td rowspan="1">1711626652113</td><td rowspan="1">0</td></tr><tr class="skippedeven"><td><a href="#m12">verifyPage</a></td><td rowspan="1">1711626652094</td><td rowspan="1">1</td></tr></tbody>
<tbody id="t1"><tr><th colspan="4">ChromeTest &#8212; failed (configuration methods)</th></tr><tr class="failedeven"><td rowspan="1">testCases.TC_004_validate_ResourceLinks</td><td><a href="#m13">driverSetup</a></td><td rowspan="1">1711626652513</td><td rowspan="1">4629</td></tr><tr><th colspan="4">ChromeTest &#8212; skipped (configuration methods)</th></tr><tr class="skippedeven"><td rowspan="1">testCases.TC_004_validate_ResourceLinks</td><td><a href="#m14">tearDown</a></td><td rowspan="1">1711626657252</td><td rowspan="1">0</td></tr><tr><th colspan="4">ChromeTest &#8212; skipped</th></tr><tr class="skippedeven"><td rowspan="11">testCases.TC_004_validate_ResourceLinks</td><td><a href="#m15">navigateEthics</a></td><td rowspan="1">1711626657150</td><td rowspan="1">0</td></tr><tr class="skippedeven"><td><a href="#m16">validateCodeofEthics</a></td><td rowspan="1">1711626657180</td><td rowspan="1">1</td></tr><tr class="skippedeven"><td><a href="#m17">validateEthicsandComplianceAmbassadors</a></td><td rowspan="1">1711626657214</td><td rowspan="1">1</td></tr><tr class="skippedeven"><td><a href="#m18">validateEthicsandCompliancePolicies</a></td><td rowspan="1">1711626657203</td><td rowspan="1">0</td></tr><tr class="skippedeven"><td><a href="#m19">validateEthicsandCompliancePresentation</a></td><td rowspan="1">1711626657241</td><td rowspan="1">0</td></tr><tr class="skippedeven"><td><a href="#m20">validateEthicsandComplianceProgramOverview</a></td><td rowspan="1">1711626657224</td><td rowspan="1">0</td></tr><tr class="skippedeven"><td><a href="#m21">validateGlobalCorporatePolicies</a></td><td rowspan="1">1711626657193</td><td rowspan="1">0</td></tr><tr class="skippedeven"><td><a href="#m22">validateGlobalPrivacy</a></td><td rowspan="1">1711626657246</td><td rowspan="1">0</td></tr><tr class="skippedeven"><td><a href="#m23">validateHelpline</a></td><td rowspan="1">1711626657159</td><td rowspan="1">0</td></tr><tr class="skippedeven"><td><a href="#m24">validateRegulatoryandBUCompilance</a></td><td rowspan="1">1711626657250</td><td rowspan="1">0</td></tr><tr class="skippedeven"><td><a href="#m25">verifyPage</a></td><td rowspan="1">1711626657169</td><td rowspan="1">0</td></tr></tbody>
</table>
<h2>EdgeTest</h2><h3 id="m0">testCases.TC_004_validate_ResourceLinks#driverSetup</h3><table class="result"><tr class="param"><th>Parameter #1</th></tr><tr class="param stripe"><td>edge</td></tr><tr><th>Exception</th></tr><tr><td><div class="stacktrace">org.openqa.selenium.WebDriverException: unknown error: net::ERR_INTERNET_DISCONNECTED
  (Session info: MicrosoftEdge=122.0.2365.92)
Build info: version: &apos;4.18.1&apos;, revision: &apos;b1d3319b48&apos;
System info: os.name: &apos;Windows 11&apos;, os.arch: &apos;amd64&apos;, os.version: &apos;10.0&apos;, java.version: &apos;17.0.2&apos;
Driver info: org.openqa.selenium.edge.EdgeDriver
Command: [a153a4f82999ca64bf87d6e6f1b1ab5c, get {url=https://be.cognizant.com/}]
Capabilities {acceptInsecureCerts: false, browserName: MicrosoftEdge, browserVersion: 122.0.2365.92, fedcm:accounts: true, ms:edgeOptions: {debuggerAddress: localhost:50643}, msedge: {msedgedriverVersion: 122.0.2365.92 (908657ec17be..., userDataDir: C:\Windows\SystemTemp\scope...}, networkConnectionEnabled: false, pageLoadStrategy: normal, platformName: windows, proxy: Proxy(), se:cdp: ws://localhost:50643/devtoo..., se:cdpVersion: 122.0.2365.92, setWindowRect: true, strictFileInteractability: false, timeouts: {implicit: 0, pageLoad: 300000, script: 30000}, unhandledPromptBehavior: dismiss and notify, webauthn:extension:credBlob: true, webauthn:extension:largeBlob: true, webauthn:extension:minPinLength: true, webauthn:extension:prf: true, webauthn:virtualAuthenticators: true}
Session ID: a153a4f82999ca64bf87d6e6f1b1ab5c
	at org.openqa.selenium.remote.ErrorCodec.decode(ErrorCodec.java:167)
	at org.openqa.selenium.remote.codec.w3c.W3CHttpResponseCodec.decode(W3CHttpResponseCodec.java:138)
	at org.openqa.selenium.remote.codec.w3c.W3CHttpResponseCodec.decode(W3CHttpResponseCodec.java:50)
	at org.openqa.selenium.remote.HttpCommandExecutor.execute(HttpCommandExecutor.java:190)
	at org.openqa.selenium.remote.service.DriverCommandExecutor.invokeExecute(DriverCommandExecutor.java:216)
	at org.openqa.selenium.remote.service.DriverCommandExecutor.execute(DriverCommandExecutor.java:174)
	at org.openqa.selenium.remote.RemoteWebDriver.execute(RemoteWebDriver.java:519)
	at org.openqa.selenium.remote.RemoteWebDriver.get(RemoteWebDriver.java:301)
	at testBase.BaseClass.driverSetup(BaseClass.java:44)
... Removed 29 stack frames</div></td></tr></table><p class="totop"><a href="#summary">back to summary</a></p>
<h3 id="m1">testCases.TC_004_validate_ResourceLinks#tearDown</h3><table class="result"><tr><th class="invisible"/></tr></table><p class="totop"><a href="#summary">back to summary</a></p>
<h3 id="m2">testCases.TC_004_validate_ResourceLinks#navigateEthics</h3><table class="result"><tr><th>Exception</th></tr><tr><td><div class="stacktrace">org.openqa.selenium.WebDriverException: unknown error: net::ERR_INTERNET_DISCONNECTED
  (Session info: MicrosoftEdge=122.0.2365.92)
Build info: version: &apos;4.18.1&apos;, revision: &apos;b1d3319b48&apos;
System info: os.name: &apos;Windows 11&apos;, os.arch: &apos;amd64&apos;, os.version: &apos;10.0&apos;, java.version: &apos;17.0.2&apos;
Driver info: org.openqa.selenium.edge.EdgeDriver
Command: [a153a4f82999ca64bf87d6e6f1b1ab5c, get {url=https://be.cognizant.com/}]
Capabilities {acceptInsecureCerts: false, browserName: MicrosoftEdge, browserVersion: 122.0.2365.92, fedcm:accounts: true, ms:edgeOptions: {debuggerAddress: localhost:50643}, msedge: {msedgedriverVersion: 122.0.2365.92 (908657ec17be..., userDataDir: C:\Windows\SystemTemp\scope...}, networkConnectionEnabled: false, pageLoadStrategy: normal, platformName: windows, proxy: Proxy(), se:cdp: ws://localhost:50643/devtoo..., se:cdpVersion: 122.0.2365.92, setWindowRect: true, strictFileInteractability: false, timeouts: {implicit: 0, pageLoad: 300000, script: 30000}, unhandledPromptBehavior: dismiss and notify, webauthn:extension:credBlob: true, webauthn:extension:largeBlob: true, webauthn:extension:minPinLength: true, webauthn:extension:prf: true, webauthn:virtualAuthenticators: true}
Session ID: a153a4f82999ca64bf87d6e6f1b1ab5c
	at org.openqa.selenium.remote.ErrorCodec.decode(ErrorCodec.java:167)
	at org.openqa.selenium.remote.codec.w3c.W3CHttpResponseCodec.decode(W3CHttpResponseCodec.java:138)
	at org.openqa.selenium.remote.codec.w3c.W3CHttpResponseCodec.decode(W3CHttpResponseCodec.java:50)
	at org.openqa.selenium.remote.HttpCommandExecutor.execute(HttpCommandExecutor.java:190)
	at org.openqa.selenium.remote.service.DriverCommandExecutor.invokeExecute(DriverCommandExecutor.java:216)
	at org.openqa.selenium.remote.service.DriverCommandExecutor.execute(DriverCommandExecutor.java:174)
	at org.openqa.selenium.remote.RemoteWebDriver.execute(RemoteWebDriver.java:519)
	at org.openqa.selenium.remote.RemoteWebDriver.get(RemoteWebDriver.java:301)
	at testBase.BaseClass.driverSetup(BaseClass.java:44)
... Removed 29 stack frames</div></td></tr></table><p class="totop"><a href="#summary">back to summary</a></p>
<h3 id="m3">testCases.TC_004_validate_ResourceLinks#validateCodeofEthics</h3><table class="result"><tr><th>Exception</th></tr><tr><td><div class="stacktrace">java.lang.Throwable: Method testCases.TC_004_validate_ResourceLinks.validateCodeofEthics() on instance testCases.TC_004_validate_ResourceLinks@7a8c8dcf depends on not successfully finished methods 
[testCases.TC_004_validate_ResourceLinks.navigateEthics() on instance testCases.TC_004_validate_ResourceLinks@7a8c8dcf]
	at java.base/java.util.ArrayList.forEach(ArrayList.java:1511)
... Removed 18 stack frames</div></td></tr></table><p class="totop"><a href="#summary">back to summary</a></p>
<h3 id="m4">testCases.TC_004_validate_ResourceLinks#validateEthicsandComplianceAmbassadors</h3><table class="result"><tr><th>Exception</th></tr><tr><td><div class="stacktrace">java.lang.Throwable: Method testCases.TC_004_validate_ResourceLinks.validateEthicsandComplianceAmbassadors() on instance testCases.TC_004_validate_ResourceLinks@7a8c8dcf depends on not successfully finished methods 
[testCases.TC_004_validate_ResourceLinks.navigateEthics() on instance testCases.TC_004_validate_ResourceLinks@7a8c8dcf]
	at java.base/java.util.ArrayList.forEach(ArrayList.java:1511)
... Removed 18 stack frames</div></td></tr></table><p class="totop"><a href="#summary">back to summary</a></p>
<h3 id="m5">testCases.TC_004_validate_ResourceLinks#validateEthicsandCompliancePolicies</h3><table class="result"><tr><th>Exception</th></tr><tr><td><div class="stacktrace">java.lang.Throwable: Method testCases.TC_004_validate_ResourceLinks.validateEthicsandCompliancePolicies() on instance testCases.TC_004_validate_ResourceLinks@7a8c8dcf depends on not successfully finished methods 
[testCases.TC_004_validate_ResourceLinks.navigateEthics() on instance testCases.TC_004_validate_ResourceLinks@7a8c8dcf]
	at java.base/java.util.ArrayList.forEach(ArrayList.java:1511)
... Removed 18 stack frames</div></td></tr></table><p class="totop"><a href="#summary">back to summary</a></p>
<h3 id="m6">testCases.TC_004_validate_ResourceLinks#validateEthicsandCompliancePresentation</h3><table class="result"><tr><th>Exception</th></tr><tr><td><div class="stacktrace">java.lang.Throwable: Method testCases.TC_004_validate_ResourceLinks.validateEthicsandCompliancePresentation() on instance testCases.TC_004_validate_ResourceLinks@7a8c8dcf depends on not successfully finished methods 
[testCases.TC_004_validate_ResourceLinks.navigateEthics() on instance testCases.TC_004_validate_ResourceLinks@7a8c8dcf]
	at java.base/java.util.ArrayList.forEach(ArrayList.java:1511)
... Removed 18 stack frames</div></td></tr></table><p class="totop"><a href="#summary">back to summary</a></p>
<h3 id="m7">testCases.TC_004_validate_ResourceLinks#validateEthicsandComplianceProgramOverview</h3><table class="result"><tr><th>Exception</th></tr><tr><td><div class="stacktrace">java.lang.Throwable: Method testCases.TC_004_validate_ResourceLinks.validateEthicsandComplianceProgramOverview() on instance testCases.TC_004_validate_ResourceLinks@7a8c8dcf depends on not successfully finished methods 
[testCases.TC_004_validate_ResourceLinks.navigateEthics() on instance testCases.TC_004_validate_ResourceLinks@7a8c8dcf]
	at java.base/java.util.ArrayList.forEach(ArrayList.java:1511)
... Removed 18 stack frames</div></td></tr></table><p class="totop"><a href="#summary">back to summary</a></p>
<h3 id="m8">testCases.TC_004_validate_ResourceLinks#validateGlobalCorporatePolicies</h3><table class="result"><tr><th>Exception</th></tr><tr><td><div class="stacktrace">java.lang.Throwable: Method testCases.TC_004_validate_ResourceLinks.validateGlobalCorporatePolicies() on instance testCases.TC_004_validate_ResourceLinks@7a8c8dcf depends on not successfully finished methods 
[testCases.TC_004_validate_ResourceLinks.navigateEthics() on instance testCases.TC_004_validate_ResourceLinks@7a8c8dcf]
	at java.base/java.util.ArrayList.forEach(ArrayList.java:1511)
... Removed 18 stack frames</div></td></tr></table><p class="totop"><a href="#summary">back to summary</a></p>
<h3 id="m9">testCases.TC_004_validate_ResourceLinks#validateGlobalPrivacy</h3><table class="result"><tr><th>Exception</th></tr><tr><td><div class="stacktrace">java.lang.Throwable: Method testCases.TC_004_validate_ResourceLinks.validateGlobalPrivacy() on instance testCases.TC_004_validate_ResourceLinks@7a8c8dcf depends on not successfully finished methods 
[testCases.TC_004_validate_ResourceLinks.navigateEthics() on instance testCases.TC_004_validate_ResourceLinks@7a8c8dcf]
	at java.base/java.util.ArrayList.forEach(ArrayList.java:1511)
... Removed 18 stack frames</div></td></tr></table><p class="totop"><a href="#summary">back to summary</a></p>
<h3 id="m10">testCases.TC_004_validate_ResourceLinks#validateHelpline</h3><table class="result"><tr><th>Exception</th></tr><tr><td><div class="stacktrace">java.lang.Throwable: Method testCases.TC_004_validate_ResourceLinks.validateHelpline() on instance testCases.TC_004_validate_ResourceLinks@7a8c8dcf depends on not successfully finished methods 
[testCases.TC_004_validate_ResourceLinks.navigateEthics() on instance testCases.TC_004_validate_ResourceLinks@7a8c8dcf]
	at java.base/java.util.ArrayList.forEach(ArrayList.java:1511)
... Removed 18 stack frames</div></td></tr></table><p class="totop"><a href="#summary">back to summary</a></p>
<h3 id="m11">testCases.TC_004_validate_ResourceLinks#validateRegulatoryandBUCompilance</h3><table class="result"><tr><th>Exception</th></tr><tr><td><div class="stacktrace">java.lang.Throwable: Method testCases.TC_004_validate_ResourceLinks.validateRegulatoryandBUCompilance() on instance testCases.TC_004_validate_ResourceLinks@7a8c8dcf depends on not successfully finished methods 
[testCases.TC_004_validate_ResourceLinks.navigateEthics() on instance testCases.TC_004_validate_ResourceLinks@7a8c8dcf]
	at java.base/java.util.ArrayList.forEach(ArrayList.java:1511)
... Removed 18 stack frames</div></td></tr></table><p class="totop"><a href="#summary">back to summary</a></p>
<h3 id="m12">testCases.TC_004_validate_ResourceLinks#verifyPage</h3><table class="result"><tr><th>Exception</th></tr><tr><td><div class="stacktrace">org.openqa.selenium.WebDriverException: unknown error: net::ERR_INTERNET_DISCONNECTED
  (Session info: MicrosoftEdge=122.0.2365.92)
Build info: version: &apos;4.18.1&apos;, revision: &apos;b1d3319b48&apos;
System info: os.name: &apos;Windows 11&apos;, os.arch: &apos;amd64&apos;, os.version: &apos;10.0&apos;, java.version: &apos;17.0.2&apos;
Driver info: org.openqa.selenium.edge.EdgeDriver
Command: [a153a4f82999ca64bf87d6e6f1b1ab5c, get {url=https://be.cognizant.com/}]
Capabilities {acceptInsecureCerts: false, browserName: MicrosoftEdge, browserVersion: 122.0.2365.92, fedcm:accounts: true, ms:edgeOptions: {debuggerAddress: localhost:50643}, msedge: {msedgedriverVersion: 122.0.2365.92 (908657ec17be..., userDataDir: C:\Windows\SystemTemp\scope...}, networkConnectionEnabled: false, pageLoadStrategy: normal, platformName: windows, proxy: Proxy(), se:cdp: ws://localhost:50643/devtoo..., se:cdpVersion: 122.0.2365.92, setWindowRect: true, strictFileInteractability: false, timeouts: {implicit: 0, pageLoad: 300000, script: 30000}, unhandledPromptBehavior: dismiss and notify, webauthn:extension:credBlob: true, webauthn:extension:largeBlob: true, webauthn:extension:minPinLength: true, webauthn:extension:prf: true, webauthn:virtualAuthenticators: true}
Session ID: a153a4f82999ca64bf87d6e6f1b1ab5c
	at org.openqa.selenium.remote.ErrorCodec.decode(ErrorCodec.java:167)
	at org.openqa.selenium.remote.codec.w3c.W3CHttpResponseCodec.decode(W3CHttpResponseCodec.java:138)
	at org.openqa.selenium.remote.codec.w3c.W3CHttpResponseCodec.decode(W3CHttpResponseCodec.java:50)
	at org.openqa.selenium.remote.HttpCommandExecutor.execute(HttpCommandExecutor.java:190)
	at org.openqa.selenium.remote.service.DriverCommandExecutor.invokeExecute(DriverCommandExecutor.java:216)
	at org.openqa.selenium.remote.service.DriverCommandExecutor.execute(DriverCommandExecutor.java:174)
	at org.openqa.selenium.remote.RemoteWebDriver.execute(RemoteWebDriver.java:519)
	at org.openqa.selenium.remote.RemoteWebDriver.get(RemoteWebDriver.java:301)
	at testBase.BaseClass.driverSetup(BaseClass.java:44)
... Removed 29 stack frames</div></td></tr></table><p class="totop"><a href="#summary">back to summary</a></p>
<h2>ChromeTest</h2><h3 id="m13">testCases.TC_004_validate_ResourceLinks#driverSetup</h3><table class="result"><tr class="param"><th>Parameter #1</th></tr><tr class="param stripe"><td>chrome</td></tr><tr><th>Exception</th></tr><tr><td><div class="stacktrace">org.openqa.selenium.WebDriverException: unknown error: net::ERR_INTERNET_DISCONNECTED
  (Session info: chrome=120.0.6099.130)
Build info: version: &apos;4.18.1&apos;, revision: &apos;b1d3319b48&apos;
System info: os.name: &apos;Windows 11&apos;, os.arch: &apos;amd64&apos;, os.version: &apos;10.0&apos;, java.version: &apos;17.0.2&apos;
Driver info: org.openqa.selenium.chrome.ChromeDriver
Command: [7fc4ade374272012a4b52fbf9961f3f0, get {url=https://be.cognizant.com/}]
Capabilities {acceptInsecureCerts: false, browserName: chrome, browserVersion: 120.0.6099.130, chrome: {chromedriverVersion: 120.0.6099.109 (3419140ab66..., userDataDir: C:\Windows\SystemTemp\scope...}, fedcm:accounts: true, goog:chromeOptions: {debuggerAddress: localhost:50659}, networkConnectionEnabled: false, pageLoadStrategy: normal, platformName: windows, proxy: Proxy(), se:cdp: ws://localhost:50659/devtoo..., se:cdpVersion: 120.0.6099.130, setWindowRect: true, strictFileInteractability: false, timeouts: {implicit: 0, pageLoad: 300000, script: 30000}, unhandledPromptBehavior: dismiss and notify, webauthn:extension:credBlob: true, webauthn:extension:largeBlob: true, webauthn:extension:minPinLength: true, webauthn:extension:prf: true, webauthn:virtualAuthenticators: true}
Session ID: 7fc4ade374272012a4b52fbf9961f3f0
	at org.openqa.selenium.remote.ErrorCodec.decode(ErrorCodec.java:167)
	at org.openqa.selenium.remote.codec.w3c.W3CHttpResponseCodec.decode(W3CHttpResponseCodec.java:138)
	at org.openqa.selenium.remote.codec.w3c.W3CHttpResponseCodec.decode(W3CHttpResponseCodec.java:50)
	at org.openqa.selenium.remote.HttpCommandExecutor.execute(HttpCommandExecutor.java:190)
	at org.openqa.selenium.remote.service.DriverCommandExecutor.invokeExecute(DriverCommandExecutor.java:216)
	at org.openqa.selenium.remote.service.DriverCommandExecutor.execute(DriverCommandExecutor.java:174)
	at org.openqa.selenium.remote.RemoteWebDriver.execute(RemoteWebDriver.java:519)
	at org.openqa.selenium.remote.RemoteWebDriver.get(RemoteWebDriver.java:301)
	at testBase.BaseClass.driverSetup(BaseClass.java:44)
... Removed 29 stack frames</div></td></tr></table><p class="totop"><a href="#summary">back to summary</a></p>
<h3 id="m14">testCases.TC_004_validate_ResourceLinks#tearDown</h3><table class="result"><tr><th class="invisible"/></tr></table><p class="totop"><a href="#summary">back to summary</a></p>
<h3 id="m15">testCases.TC_004_validate_ResourceLinks#navigateEthics</h3><table class="result"><tr><th>Exception</th></tr><tr><td><div class="stacktrace">org.openqa.selenium.WebDriverException: unknown error: net::ERR_INTERNET_DISCONNECTED
  (Session info: chrome=120.0.6099.130)
Build info: version: &apos;4.18.1&apos;, revision: &apos;b1d3319b48&apos;
System info: os.name: &apos;Windows 11&apos;, os.arch: &apos;amd64&apos;, os.version: &apos;10.0&apos;, java.version: &apos;17.0.2&apos;
Driver info: org.openqa.selenium.chrome.ChromeDriver
Command: [7fc4ade374272012a4b52fbf9961f3f0, get {url=https://be.cognizant.com/}]
Capabilities {acceptInsecureCerts: false, browserName: chrome, browserVersion: 120.0.6099.130, chrome: {chromedriverVersion: 120.0.6099.109 (3419140ab66..., userDataDir: C:\Windows\SystemTemp\scope...}, fedcm:accounts: true, goog:chromeOptions: {debuggerAddress: localhost:50659}, networkConnectionEnabled: false, pageLoadStrategy: normal, platformName: windows, proxy: Proxy(), se:cdp: ws://localhost:50659/devtoo..., se:cdpVersion: 120.0.6099.130, setWindowRect: true, strictFileInteractability: false, timeouts: {implicit: 0, pageLoad: 300000, script: 30000}, unhandledPromptBehavior: dismiss and notify, webauthn:extension:credBlob: true, webauthn:extension:largeBlob: true, webauthn:extension:minPinLength: true, webauthn:extension:prf: true, webauthn:virtualAuthenticators: true}
Session ID: 7fc4ade374272012a4b52fbf9961f3f0
	at org.openqa.selenium.remote.ErrorCodec.decode(ErrorCodec.java:167)
	at org.openqa.selenium.remote.codec.w3c.W3CHttpResponseCodec.decode(W3CHttpResponseCodec.java:138)
	at org.openqa.selenium.remote.codec.w3c.W3CHttpResponseCodec.decode(W3CHttpResponseCodec.java:50)
	at org.openqa.selenium.remote.HttpCommandExecutor.execute(HttpCommandExecutor.java:190)
	at org.openqa.selenium.remote.service.DriverCommandExecutor.invokeExecute(DriverCommandExecutor.java:216)
	at org.openqa.selenium.remote.service.DriverCommandExecutor.execute(DriverCommandExecutor.java:174)
	at org.openqa.selenium.remote.RemoteWebDriver.execute(RemoteWebDriver.java:519)
	at org.openqa.selenium.remote.RemoteWebDriver.get(RemoteWebDriver.java:301)
	at testBase.BaseClass.driverSetup(BaseClass.java:44)
... Removed 29 stack frames</div></td></tr></table><p class="totop"><a href="#summary">back to summary</a></p>
<h3 id="m16">testCases.TC_004_validate_ResourceLinks#validateCodeofEthics</h3><table class="result"><tr><th>Exception</th></tr><tr><td><div class="stacktrace">java.lang.Throwable: Method testCases.TC_004_validate_ResourceLinks.validateCodeofEthics() on instance testCases.TC_004_validate_ResourceLinks@1e178745 depends on not successfully finished methods 
[testCases.TC_004_validate_ResourceLinks.navigateEthics() on instance testCases.TC_004_validate_ResourceLinks@1e178745]
	at java.base/java.util.ArrayList.forEach(ArrayList.java:1511)
... Removed 18 stack frames</div></td></tr></table><p class="totop"><a href="#summary">back to summary</a></p>
<h3 id="m17">testCases.TC_004_validate_ResourceLinks#validateEthicsandComplianceAmbassadors</h3><table class="result"><tr><th>Exception</th></tr><tr><td><div class="stacktrace">java.lang.Throwable: Method testCases.TC_004_validate_ResourceLinks.validateEthicsandComplianceAmbassadors() on instance testCases.TC_004_validate_ResourceLinks@1e178745 depends on not successfully finished methods 
[testCases.TC_004_validate_ResourceLinks.navigateEthics() on instance testCases.TC_004_validate_ResourceLinks@1e178745]
	at java.base/java.util.ArrayList.forEach(ArrayList.java:1511)
... Removed 18 stack frames</div></td></tr></table><p class="totop"><a href="#summary">back to summary</a></p>
<h3 id="m18">testCases.TC_004_validate_ResourceLinks#validateEthicsandCompliancePolicies</h3><table class="result"><tr><th>Exception</th></tr><tr><td><div class="stacktrace">java.lang.Throwable: Method testCases.TC_004_validate_ResourceLinks.validateEthicsandCompliancePolicies() on instance testCases.TC_004_validate_ResourceLinks@1e178745 depends on not successfully finished methods 
[testCases.TC_004_validate_ResourceLinks.navigateEthics() on instance testCases.TC_004_validate_ResourceLinks@1e178745]
	at java.base/java.util.ArrayList.forEach(ArrayList.java:1511)
... Removed 18 stack frames</div></td></tr></table><p class="totop"><a href="#summary">back to summary</a></p>
<h3 id="m19">testCases.TC_004_validate_ResourceLinks#validateEthicsandCompliancePresentation</h3><table class="result"><tr><th>Exception</th></tr><tr><td><div class="stacktrace">java.lang.Throwable: Method testCases.TC_004_validate_ResourceLinks.validateEthicsandCompliancePresentation() on instance testCases.TC_004_validate_ResourceLinks@1e178745 depends on not successfully finished methods 
[testCases.TC_004_validate_ResourceLinks.navigateEthics() on instance testCases.TC_004_validate_ResourceLinks@1e178745]
	at java.base/java.util.ArrayList.forEach(ArrayList.java:1511)
... Removed 18 stack frames</div></td></tr></table><p class="totop"><a href="#summary">back to summary</a></p>
<h3 id="m20">testCases.TC_004_validate_ResourceLinks#validateEthicsandComplianceProgramOverview</h3><table class="result"><tr><th>Exception</th></tr><tr><td><div class="stacktrace">java.lang.Throwable: Method testCases.TC_004_validate_ResourceLinks.validateEthicsandComplianceProgramOverview() on instance testCases.TC_004_validate_ResourceLinks@1e178745 depends on not successfully finished methods 
[testCases.TC_004_validate_ResourceLinks.navigateEthics() on instance testCases.TC_004_validate_ResourceLinks@1e178745]
	at java.base/java.util.ArrayList.forEach(ArrayList.java:1511)
... Removed 18 stack frames</div></td></tr></table><p class="totop"><a href="#summary">back to summary</a></p>
<h3 id="m21">testCases.TC_004_validate_ResourceLinks#validateGlobalCorporatePolicies</h3><table class="result"><tr><th>Exception</th></tr><tr><td><div class="stacktrace">java.lang.Throwable: Method testCases.TC_004_validate_ResourceLinks.validateGlobalCorporatePolicies() on instance testCases.TC_004_validate_ResourceLinks@1e178745 depends on not successfully finished methods 
[testCases.TC_004_validate_ResourceLinks.navigateEthics() on instance testCases.TC_004_validate_ResourceLinks@1e178745]
	at java.base/java.util.ArrayList.forEach(ArrayList.java:1511)
... Removed 18 stack frames</div></td></tr></table><p class="totop"><a href="#summary">back to summary</a></p>
<h3 id="m22">testCases.TC_004_validate_ResourceLinks#validateGlobalPrivacy</h3><table class="result"><tr><th>Exception</th></tr><tr><td><div class="stacktrace">java.lang.Throwable: Method testCases.TC_004_validate_ResourceLinks.validateGlobalPrivacy() on instance testCases.TC_004_validate_ResourceLinks@1e178745 depends on not successfully finished methods 
[testCases.TC_004_validate_ResourceLinks.navigateEthics() on instance testCases.TC_004_validate_ResourceLinks@1e178745]
	at java.base/java.util.ArrayList.forEach(ArrayList.java:1511)
... Removed 18 stack frames</div></td></tr></table><p class="totop"><a href="#summary">back to summary</a></p>
<h3 id="m23">testCases.TC_004_validate_ResourceLinks#validateHelpline</h3><table class="result"><tr><th>Exception</th></tr><tr><td><div class="stacktrace">java.lang.Throwable: Method testCases.TC_004_validate_ResourceLinks.validateHelpline() on instance testCases.TC_004_validate_ResourceLinks@1e178745 depends on not successfully finished methods 
[testCases.TC_004_validate_ResourceLinks.navigateEthics() on instance testCases.TC_004_validate_ResourceLinks@1e178745]
	at java.base/java.util.ArrayList.forEach(ArrayList.java:1511)
... Removed 18 stack frames</div></td></tr></table><p class="totop"><a href="#summary">back to summary</a></p>
<h3 id="m24">testCases.TC_004_validate_ResourceLinks#validateRegulatoryandBUCompilance</h3><table class="result"><tr><th>Exception</th></tr><tr><td><div class="stacktrace">java.lang.Throwable: Method testCases.TC_004_validate_ResourceLinks.validateRegulatoryandBUCompilance() on instance testCases.TC_004_validate_ResourceLinks@1e178745 depends on not successfully finished methods 
[testCases.TC_004_validate_ResourceLinks.navigateEthics() on instance testCases.TC_004_validate_ResourceLinks@1e178745]
	at java.base/java.util.ArrayList.forEach(ArrayList.java:1511)
... Removed 18 stack frames</div></td></tr></table><p class="totop"><a href="#summary">back to summary</a></p>
<h3 id="m25">testCases.TC_004_validate_ResourceLinks#verifyPage</h3><table class="result"><tr><th>Exception</th></tr><tr><td><div class="stacktrace">org.openqa.selenium.WebDriverException: unknown error: net::ERR_INTERNET_DISCONNECTED
  (Session info: chrome=120.0.6099.130)
Build info: version: &apos;4.18.1&apos;, revision: &apos;b1d3319b48&apos;
System info: os.name: &apos;Windows 11&apos;, os.arch: &apos;amd64&apos;, os.version: &apos;10.0&apos;, java.version: &apos;17.0.2&apos;
Driver info: org.openqa.selenium.chrome.ChromeDriver
Command: [7fc4ade374272012a4b52fbf9961f3f0, get {url=https://be.cognizant.com/}]
Capabilities {acceptInsecureCerts: false, browserName: chrome, browserVersion: 120.0.6099.130, chrome: {chromedriverVersion: 120.0.6099.109 (3419140ab66..., userDataDir: C:\Windows\SystemTemp\scope...}, fedcm:accounts: true, goog:chromeOptions: {debuggerAddress: localhost:50659}, networkConnectionEnabled: false, pageLoadStrategy: normal, platformName: windows, proxy: Proxy(), se:cdp: ws://localhost:50659/devtoo..., se:cdpVersion: 120.0.6099.130, setWindowRect: true, strictFileInteractability: false, timeouts: {implicit: 0, pageLoad: 300000, script: 30000}, unhandledPromptBehavior: dismiss and notify, webauthn:extension:credBlob: true, webauthn:extension:largeBlob: true, webauthn:extension:minPinLength: true, webauthn:extension:prf: true, webauthn:virtualAuthenticators: true}
Session ID: 7fc4ade374272012a4b52fbf9961f3f0
	at org.openqa.selenium.remote.ErrorCodec.decode(ErrorCodec.java:167)
	at org.openqa.selenium.remote.codec.w3c.W3CHttpResponseCodec.decode(W3CHttpResponseCodec.java:138)
	at org.openqa.selenium.remote.codec.w3c.W3CHttpResponseCodec.decode(W3CHttpResponseCodec.java:50)
	at org.openqa.selenium.remote.HttpCommandExecutor.execute(HttpCommandExecutor.java:190)
	at org.openqa.selenium.remote.service.DriverCommandExecutor.invokeExecute(DriverCommandExecutor.java:216)
	at org.openqa.selenium.remote.service.DriverCommandExecutor.execute(DriverCommandExecutor.java:174)
	at org.openqa.selenium.remote.RemoteWebDriver.execute(RemoteWebDriver.java:519)
	at org.openqa.selenium.remote.RemoteWebDriver.get(RemoteWebDriver.java:301)
	at testBase.BaseClass.driverSetup(BaseClass.java:44)
... Removed 29 stack frames</div></td></tr></table><p class="totop"><a href="#summary">back to summary</a></p>
</body>
</html>
